Badge Visitevoulaines assigned to Tripper Janine
Badge Visitevoulaines assigned to Tripper floris
Badge Visitevoulaines assigned to Tripper Marc
Badge Visitevoulaines assigned to Tripper Marc5
Badge Visitevoulaines assigned to Tripper Willemijn
Badge Visitevoulaines assigned to Tripper Emilie
Badge Visitevoulaines assigned to Tripper Ollie
Badge Visitevoulaines assigned to Tripper Janine
Badge Visitevoulaines assigned to Tripper floris
Badge Visitevoulaines assigned to Tripper Marc
Badge Visitevoulaines assigned to Tripper Marc5
Badge Visitevoulaines assigned to Tripper Willemijn
Badge Visitevoulaines assigned to Tripper Marc5
Badge Visitevoulaines assigned to Tripper Emilie
Badge Visitevoulaines assigned to Tripper Willemijn
Badge Visitevoulaines assigned to Tripper Ollie
Badge Visitevoulaines assigned to Tripper Emilie
Badge Visitevoulaines assigned to Tripper Ollie
Badge Visitevoulaines assigned to Tripper Janine
Badge Visitevoulaines assigned to Tripper floris
Badge Visitevoulaines assigned to Tripper Marc
Badge Visitevoulaines assigned to Tripper Marc5
Badge Visitevoulaines assigned to Tripper Marc5
Badge Visitevoulaines assigned to Tripper Willemijn
Badge Visitevoulaines assigned to Tripper Willemijn
Badge Visitevoulaines assigned to Tripper Emilie
Badge Visitevoulaines assigned to Tripper Emilie
Badge Visitevoulaines assigned to Tripper Ollie
Badge Visitevoulaines assigned to Tripper Ollie
Badge Visitevoulaines assigned to Tripper Janine
Badge Visitevoulaines assigned to Tripper Janine
Badge Visitevoulaines assigned to Tripper floris
Badge Visitevoulaines assigned to Tripper floris
Badge Visitevoulaines assigned to Tripper Marc
Badge Visitevoulaines assigned to Tripper Marc
Badge Visitevoulaines assigned to Tripper Marc5
Badge Visitevoulaines assigned to Tripper Willemijn
Badge Visitevoulaines assigned to Tripper Emilie
Badge Visitevoulaines assigned to Tripper Ollie
Badge Visitevoulaines assigned to Tripper Janine
Badge Visitevoulaines assigned to Tripper floris
Badge Visitevoulaines assigned to Tripper Marc
Badge Visitevoulaines assigned to Tripper Marc5
Badge Visitevoulaines assigned to Tripper Willemijn
Badge Visitevoulaines assigned to Tripper Emilie
Badge Visitevoulaines assigned to Tripper Ollie
Badge Visitevoulaines assigned to Tripper Janine
Badge Visitevoulaines assigned to Tripper floris
Badge Visitevoulaines assigned to Tripper Marc
Badge Visitevoulaines assigned to Tripper Marc5
Badge Visitevoulaines assigned to Tripper floris
Badge Visitevoulaines assigned to Tripper Ollie
Badge Visitevoulaines assigned to Tripper Emilie
Badge Visitevoulaines assigned to Tripper Janine
Badge Visitevoulaines assigned to Tripper Marc
Badge Visitevoulaines assigned to Tripper Willemijn
Badge Visitevoulaines assigned to Tripper Marc5
Badge Visitevoulaines assigned to Tripper floris
Badge Visitevoulaines assigned to Tripper Ollie
Badge Visitevoulaines assigned to Tripper Emilie
Badge Visitevoulaines assigned to Tripper Janine
Badge Visitevoulaines assigned to Tripper Marc
Badge Visitevoulaines assigned to Tripper Willemijn
Badge Visitevoulaines assigned to Tripper Marc5
Badge Visitevoulaines assigned to Tripper Emilie
Badge Visitevoulaines assigned to Tripper Janine
Badge Visitevoulaines assigned to Tripper Marc
Badge Visitevoulaines assigned to Tripper Willemijn
Badge Visitevoulaines assigned to Tripper Ollie
Badge Visitevoulaines assigned to Tripper floris
